mode: set
github.com/plordb/bookings/internal/render/render.go:22.40,24.2 1 1
github.com/plordb/bookings/internal/render/render.go:27.84,34.2 5 1
github.com/plordb/bookings/internal/render/render.go:37.107,40.18 2 1
github.com/plordb/bookings/internal/render/render.go:40.18,43.3 1 0
github.com/plordb/bookings/internal/render/render.go:43.8,45.3 1 1
github.com/plordb/bookings/internal/render/render.go:47.2,49.9 2 1
github.com/plordb/bookings/internal/render/render.go:49.9,51.3 1 1
github.com/plordb/bookings/internal/render/render.go:53.2,60.16 5 1
github.com/plordb/bookings/internal/render/render.go:60.16,64.3 2 0
github.com/plordb/bookings/internal/render/render.go:66.2,66.12 1 1
github.com/plordb/bookings/internal/render/render.go:70.67,75.16 3 1
github.com/plordb/bookings/internal/render/render.go:75.16,77.3 1 0
github.com/plordb/bookings/internal/render/render.go:79.2,79.29 1 1
github.com/plordb/bookings/internal/render/render.go:79.29,84.17 4 1
github.com/plordb/bookings/internal/render/render.go:84.17,86.4 1 0
github.com/plordb/bookings/internal/render/render.go:88.3,89.17 2 1
github.com/plordb/bookings/internal/render/render.go:89.17,91.4 1 0
github.com/plordb/bookings/internal/render/render.go:93.3,93.23 1 1
github.com/plordb/bookings/internal/render/render.go:93.23,95.18 2 1
github.com/plordb/bookings/internal/render/render.go:95.18,97.5 1 0
github.com/plordb/bookings/internal/render/render.go:100.3,100.21 1 1
github.com/plordb/bookings/internal/render/render.go:103.2,103.21 1 1
