mode: set
github.com/plordb/bookings/internal/handlers/handlers.go:24.47,28.2 1 1
github.com/plordb/bookings/internal/handlers/handlers.go:31.33,33.2 1 1
github.com/plordb/bookings/internal/handlers/handlers.go:35.67,40.2 3 1
github.com/plordb/bookings/internal/handlers/handlers.go:42.68,56.2 5 1
github.com/plordb/bookings/internal/handlers/handlers.go:59.74,68.2 4 1
github.com/plordb/bookings/internal/handlers/handlers.go:71.78,73.16 2 1
github.com/plordb/bookings/internal/handlers/handlers.go:73.16,76.3 2 0
github.com/plordb/bookings/internal/handlers/handlers.go:78.2,91.19 6 1
github.com/plordb/bookings/internal/handlers/handlers.go:91.19,101.3 4 0
github.com/plordb/bookings/internal/handlers/handlers.go:103.2,105.66 2 1
github.com/plordb/bookings/internal/handlers/handlers.go:110.71,112.2 1 1
github.com/plordb/bookings/internal/handlers/handlers.go:115.69,117.2 1 1
github.com/plordb/bookings/internal/handlers/handlers.go:120.75,122.2 1 1
github.com/plordb/bookings/internal/handlers/handlers.go:125.79,130.2 3 1
github.com/plordb/bookings/internal/handlers/handlers.go:138.79,145.16 3 1
github.com/plordb/bookings/internal/handlers/handlers.go:145.16,147.3 1 0
github.com/plordb/bookings/internal/handlers/handlers.go:149.2,152.14 3 1
github.com/plordb/bookings/internal/handlers/handlers.go:156.70,158.2 1 1
github.com/plordb/bookings/internal/handlers/handlers.go:160.81,162.9 2 1
github.com/plordb/bookings/internal/handlers/handlers.go:162.9,168.3 4 1
github.com/plordb/bookings/internal/handlers/handlers.go:170.2,177.4 4 0
